===========================================================================
         ________    _________   _______       __     _________            
        |        |\ |        |\ |       \\    |  |\  /         \\          
        |    ____|| |    ____|| |    __  ||   |__|| |    ___    ||         
        |   |\___\| |   |\___\| |   |\_| ||    \_\| |   //  \   ||         
        |   ||__    |   ||__    |   ||_| ||   |  |\ |  ||    |  ||         
        |       |\  |       |\  |         \\  |  || |  ||    |  ||         
        |    ___||  |    ___||  |    ___   || |  || |  ||    |  ||         
        |   |\__\|  |   |\__\|  |   |\__|  || |  || |  ||    |  ||         
        |   ||      |   ||___   |   ||__|  || |  || |   \\__/   ||         
        |   ||      |        |\ |          || |  || |           ||         
        |___||      |________|| |_________//  |__||  \_________//          
                                                                           
      F I N I T E   E L E M E N T S   F O R   B I O M E C H A N I C S      
                                                                           
  version 4.10.0
  FEBio is a registered trademark.                                         
  copyright (c) 2006-2025 - All rights reserved                            
                                                                           
===========================================================================





 FILES USED
===========================================================================
	Input file : /home/anukaran/simulation-api-tool/conf_file/jobs/sample_catheterization_with_error.feb
	Plot file  : /home/anukaran/simulation-api-tool/conf_file/jobs/sample_catheterization_with_error.xplt
	Log file   : /home/anukaran/simulation-api-tool/conf_file/jobs/sample_catheterization_with_error.log


 MESH INFO
===========================================================================
	Number of materials ............................ : 2
	Number of domains .............................. : 2
	Number of nodes ................................ : 3289
	Number of solid elements ....................... : 9399


 MODULE
===========================================================================
	Module type ....................................... : solid


 STEP DATA
===========================================================================
step   1 - (noname) (type: solid)
	analysis .......................................... : STATIC (0)
	time_steps ........................................ : 40
	step_size ......................................... : 0.05
	plot_zero_state ................................... : no (0)
	plot_range ........................................ : 0,-1
	plot_level ........................................ : PLOT_MAJOR_ITRS (1)
	output_level ...................................... : OUTPUT_MAJOR_ITRS (1)
	plot_stride ....................................... : 1
	output_stride ..................................... : 1
	adaptor_re_solve .................................. : yes (1)
	time_stepper: (type: default)
	  max_retries ..................................... : 5
	  opt_iter ........................................ : 11
	  dtmin ........................................... : 0
	  dtmax ........................................... : 0.1
	  aggressiveness .................................. : 0
	  cutback ......................................... : 0.5
	  dtforce ......................................... : no (0)
	solver: (type: solid)
	  symmetric_stiffness ............................. : preferred (3)
	  equation_scheme ................................. : staggered (0)
	  equation_order .................................. : default (0)
	  optimize_bw ..................................... : no (0)
	  lstol ........................................... : 0.9
	  lsmin ........................................... : 0.01
	  lsiter .......................................... : 5
	  ls_check_jacobians .............................. : no (0)
	  max_refs ........................................ : 15
	  check_zero_diagonal ............................. : no (0)
	  zero_diagonal_tol ............................... : 0
	  force_partition ................................. : 0
	  reform_each_time_step ........................... : yes (1)
	  reform_augment .................................. : no (0)
	  diverge_reform .................................. : yes (1)
	  min_residual .................................... : 1e-20
	  max_residual .................................... : 0
	  dtol ............................................ : 0.001
	  etol ............................................ : 0.01
	  rtol ............................................ : 0
	  rhoi ............................................ : -2
	  alpha ........................................... : 1
	  beta ............................................ : 0.25
	  gamma ........................................... : 0.5
	  logSolve ........................................ : no (0)
	  arc_length ...................................... : 0
	  arc_length_scale ................................ : 0
	qn_method: (type: BFGS)
	    max_ups ....................................... : 10
	    max_buffer_size ............................... : 0
	    cycle_buffer .................................. : yes (1)
	    cmax .......................................... : 100000
---------------------------------------------------------------------------
step   2 - (noname) (type: solid)
	analysis .......................................... : STATIC (0)
	time_steps ........................................ : 40
	step_size ......................................... : 0.05
	plot_zero_state ................................... : no (0)
	plot_range ........................................ : 0,-1
	plot_level ........................................ : PLOT_MAJOR_ITRS (1)
	output_level ...................................... : OUTPUT_MAJOR_ITRS (1)
	plot_stride ....................................... : 1
	output_stride ..................................... : 1
	adaptor_re_solve .................................. : yes (1)
	time_stepper: (type: default)
	  max_retries ..................................... : 5
	  opt_iter ........................................ : 11
	  dtmin ........................................... : 0
	  dtmax ........................................... : 0.1
	  aggressiveness .................................. : 0
	  cutback ......................................... : 0.5
	  dtforce ......................................... : yes (1)
	solver: (type: solid)
	  symmetric_stiffness ............................. : preferred (3)
	  equation_scheme ................................. : staggered (0)
	  equation_order .................................. : default (0)
	  optimize_bw ..................................... : no (0)
	  lstol ........................................... : 0.9
	  lsmin ........................................... : 0.01
	  lsiter .......................................... : 5
	  ls_check_jacobians .............................. : no (0)
	  max_refs ........................................ : 15
	  check_zero_diagonal ............................. : no (0)
	  zero_diagonal_tol ............................... : 0
	  force_partition ................................. : 0
	  reform_each_time_step ........................... : yes (1)
	  reform_augment .................................. : no (0)
	  diverge_reform .................................. : yes (1)
	  min_residual .................................... : 1e-20
	  max_residual .................................... : 0
	  dtol ............................................ : 0.001
	  etol ............................................ : 0.01
	  rtol ............................................ : 0
	  rhoi ............................................ : -2
	  alpha ........................................... : 1
	  beta ............................................ : 0.25
	  gamma ........................................... : 0.5
	  logSolve ........................................ : no (0)
	  arc_length ...................................... : 0
	  arc_length_scale ................................ : 0
	qn_method: (type: BFGS)
	    max_ups ....................................... : 10
	    max_buffer_size ............................... : 0
	    cycle_buffer .................................. : yes (1)
	    cmax .......................................... : 100000




 MATERIAL DATA
===========================================================================
  1 - urethra (type: neo-Hookean)
	density ........................................... : 1e-09
	E ................................................. : 1
	v ................................................. : 0.49
---------------------------------------------------------------------------
  2 - catheter (type: neo-Hookean)
	density ........................................... : 1e-09
	E ................................................. : 15
	v ................................................. : 0.44


 BOUNDARY CONDITION DATA
===========================================================================
  1 -  Type: zero displacement
	x_dof ............................................. : no (0)
	y_dof ............................................. : no (0)
	z_dof ............................................. : yes (1)
---------------------------------------------------------------------------
  2 -  Type: zero displacement
	x_dof ............................................. : no (0)
	y_dof ............................................. : no (0)
	z_dof ............................................. : yes (1)
---------------------------------------------------------------------------
  3 -  Type: zero displacement
	x_dof ............................................. : no (0)
	y_dof ............................................. : yes (1)
	z_dof ............................................. : yes (1)
---------------------------------------------------------------------------
  4 -  Type: zero displacement
	x_dof ............................................. : yes (1)
	y_dof ............................................. : yes (1)
	z_dof ............................................. : yes (1)
---------------------------------------------------------------------------
  5 -  Type: prescribed displacement
	dof ............................................... : 2
	value ............................................. : 10
	relative .......................................... : yes (1)
---------------------------------------------------------------------------
  6 -  Type: prescribed displacement
	dof ............................................... : 2
	value ............................................. : 10
	relative .......................................... : yes (1)


 CONTACT INTERFACE DATA
===========================================================================
contact interface 1 - Type: sliding-elastic
	laugon ............................................ : PENALTY (0)
	tolerance ......................................... : 5e-05
	gaptol ............................................ : 0.001
	penalty ........................................... : 10000
	auto_penalty ...................................... : no (0)
	update_penalty .................................... : yes (1)
	two_pass .......................................... : yes (1)
	knmult ............................................ : 1
	search_tol ........................................ : 0.01
	symmetric_stiffness ............................... : no (0)
	search_radius ..................................... : 1
	seg_up ............................................ : 0
	tension ........................................... : no (0)
	minaug ............................................ : 0
	maxaug ............................................ : 10
	node_reloc ........................................ : no (0)
	fric_coeff ........................................ : 0.02
	smooth_aug ........................................ : yes (1)
	flip_primary ...................................... : no (0)
	flip_secondary .................................... : no (0)
	shell_bottom_primary .............................. : no (0)
	shell_bottom_secondary ............................ : no (0)
	offset ............................................ : 0


 LOAD CONTROLLER DATA
===========================================================================
load controller   1 - LC1 (type: loadcurve)
	interpolate ....................................... : SMOOTH STEP (6)
	extend ............................................ : CONSTANT (0)
	points ............................................ : (can't display value)


 OUTPUT DATA
===========================================================================
 LINEAR SOLVER DATA
===========================================================================
	Default linear solver ............................. : pardiso


 *************************************************************************
 * Selecting linear solver pardiso                                       *
 *************************************************************************

 *************************************************************************
 * Setting matrix format to: unsymmetric                                 *
 *************************************************************************

===== beginning time step 1 : 0.05 =====


Reforming stiffness matrix: reformation #1

===== reforming stiffness matrix:
	Nr of equations ........................... : 9742
	Nr of nonzeroes in stiffness matrix ....... : 309156
 1
 Nonlinear solution status: time= 0.05
	stiffness updates             = 0
	right hand side evaluations   = 2
	stiffness matrix reformations = 1
	step from line search         = 1.000000
	convergence norms :     INITIAL         CURRENT         REQUIRED
	   residual            6.408767e-23    1.275531e-22    0.000000e+00 
	   energy              7.097379e-25    1.454388e-25    7.097379e-27 
	   displacement        1.590702e-23    1.590702e-23    1.590702e-29 

 *************************************************************************
 *                               WARNING                                 *
 * No force acting on the system.                                        *
 *************************************************************************

convergence summary
    number of iterations   : 1
    number of reformations : 1

------- converged at time : 0.05


AUTO STEPPER: increasing time step, dt = 0.06


===== beginning time step 2 : 0.11 =====


Reforming stiffness matrix: reformation #1

===== reforming stiffness matrix:
	Nr of equations ........................... : 9742
	Nr of nonzeroes in stiffness matrix ....... : 309156
 1
 Nonlinear solution status: time= 0.11
	stiffness updates             = 0
	right hand side evaluations   = 2
	stiffness matrix reformations = 1
	step from line search         = 1.000000
	convergence norms :     INITIAL         CURRENT         REQUIRED
	   residual            1.275531e-22    2.419191e-22    0.000000e+00 
	   energy              9.065506e-25    7.957246e-25    9.065506e-27 
	   displacement        3.139446e-23    3.139446e-23    3.139446e-29 

 *************************************************************************
 *                               WARNING                                 *
 * No force acting on the system.                                        *
 *************************************************************************

convergence summary
    number of iterations   : 1
    number of reformations : 1

------- converged at time : 0.11


AUTO STEPPER: increasing time step, dt = 0.068


===== beginning time step 3 : 0.178 =====


Reforming stiffness matrix: reformation #1

===== reforming stiffness matrix:
	Nr of equations ........................... : 9742
	Nr of nonzeroes in stiffness matrix ....... : 309156
 1
 Nonlinear solution status: time= 0.178
	stiffness updates             = 0
	right hand side evaluations   = 2
	stiffness matrix reformations = 1
	step from line search         = 1.000000
	convergence norms :     INITIAL         CURRENT         REQUIRED
	   residual            2.419191e-22    2.466366e-22    0.000000e+00 
	   energy              1.728683e-24    9.533445e-25    1.728683e-26 
	   displacement        1.312330e-23    1.312330e-23    1.312330e-29 

 *************************************************************************
 *                               WARNING                                 *
 * No force acting on the system.                                        *
 *************************************************************************

convergence summary
    number of iterations   : 1
    number of reformations : 1

------- converged at time : 0.178


AUTO STEPPER: increasing time step, dt = 0.0744


===== beginning time step 4 : 0.2524 =====


Reforming stiffness matrix: reformation #1

===== reforming stiffness matrix:
	Nr of equations ........................... : 9742
	Nr of nonzeroes in stiffness matrix ....... : 309156
 1
 Nonlinear solution status: time= 0.2524
	stiffness updates             = 0
	right hand side evaluations   = 2
	stiffness matrix reformations = 1
	step from line search         = 1.000000
	convergence norms :     INITIAL         CURRENT         REQUIRED
	   residual            2.466366e-22    2.269419e-22    0.000000e+00 
	   energy              1.838107e-24    1.029456e-24    1.838107e-26 
	   displacement        1.471001e-23    1.471001e-23    1.471001e-29 

 *************************************************************************
 *                               WARNING                                 *
 * No force acting on the system.                                        *
 *************************************************************************

convergence summary
    number of iterations   : 1
    number of reformations : 1

------- converged at time : 0.2524


AUTO STEPPER: increasing time step, dt = 0.07952


===== beginning time step 5 : 0.33192 =====


Reforming stiffness matrix: reformation #1

===== reforming stiffness matrix:
	Nr of equations ........................... : 9742
	Nr of nonzeroes in stiffness matrix ....... : 309156
 1
 Nonlinear solution status: time= 0.33192
	stiffness updates             = 0
	right hand side evaluations   = 2
	stiffness matrix reformations = 1
	step from line search         = 1.000000
	convergence norms :     INITIAL         CURRENT         REQUIRED
	   residual            2.269419e-22    2.289188e-22    0.000000e+00 
	   energy              1.707512e-24    7.837771e-25    1.707512e-26 
	   displacement        9.155418e-24    9.155418e-24    9.155418e-30 

 *************************************************************************
 *                               WARNING                                 *
 * No force acting on the system.                                        *
 *************************************************************************

convergence summary
    number of iterations   : 1
    number of reformations : 1

------- converged at time : 0.33192


AUTO STEPPER: increasing time step, dt = 0.083616


===== beginning time step 6 : 0.415536 =====


Reforming stiffness matrix: reformation #1

===== reforming stiffness matrix:
	Nr of equations ........................... : 9742
	Nr of nonzeroes in stiffness matrix ....... : 309156
 1
 Nonlinear solution status: time= 0.415536
	stiffness updates             = 0
	right hand side evaluations   = 2
	stiffness matrix reformations = 1
	step from line search         = 1.000000
	convergence norms :     INITIAL         CURRENT         REQUIRED
	   residual            2.289188e-22    2.591622e-22    0.000000e+00 
	   energy              1.667198e-24    1.023777e-24    1.667198e-26 
	   displacement        3.601552e-23    3.601552e-23    3.601552e-29 

 *************************************************************************
 *                               WARNING                                 *
 * No force acting on the system.                                        *
 *************************************************************************

convergence summary
    number of iterations   : 1
    number of reformations : 1

------- converged at time : 0.415536


AUTO STEPPER: increasing time step, dt = 0.0868928


===== beginning time step 7 : 0.502429 =====


Reforming stiffness matrix: reformation #1

===== reforming stiffness matrix:
	Nr of equations ........................... : 9742
	Nr of nonzeroes in stiffness matrix ....... : 309156
 1
 Nonlinear solution status: time= 0.502429
	stiffness updates             = 0
	right hand side evaluations   = 2
	stiffness matrix reformations = 1
	step from line search         = 1.000000
	convergence norms :     INITIAL         CURRENT         REQUIRED
	   residual            2.591622e-22    2.437067e-22    0.000000e+00 
	   energy              1.767708e-24    9.283946e-25    1.767708e-26 
	   displacement        1.285290e-23    1.285290e-23    1.285290e-29 

 *************************************************************************
 *                               WARNING                                 *
 * No force acting on the system.                                        *
 *************************************************************************

convergence summary
    number of iterations   : 1
    number of reformations : 1

------- converged at time : 0.502429


AUTO STEPPER: increasing time step, dt = 0.0895142


===== beginning time step 8 : 0.591943 =====


Reforming stiffness matrix: reformation #1

===== reforming stiffness matrix:
	Nr of equations ........................... : 9742
	Nr of nonzeroes in stiffness matrix ....... : 309156
 1
 Nonlinear solution status: time= 0.591943
	stiffness updates             = 0
	right hand side evaluations   = 2
	stiffness matrix reformations = 1
	step from line search         = 1.000000
	convergence norms :     INITIAL         CURRENT         REQUIRED
	   residual            2.437067e-22    2.466122e-22    0.000000e+00 
	   energy              1.660955e-24    9.352014e-25    1.660955e-26 
	   displacement        5.040163e-23    5.040163e-23    5.040163e-29 

 *************************************************************************
 *                               WARNING                                 *
 * No force acting on the system.                                        *
 *************************************************************************

convergence summary
    number of iterations   : 1
    number of reformations : 1

------- converged at time : 0.591943


AUTO STEPPER: increasing time step, dt = 0.0916114


===== beginning time step 9 : 0.683554 =====


Reforming stiffness matrix: reformation #1

===== reforming stiffness matrix:
	Nr of equations ........................... : 9742
	Nr of nonzeroes in stiffness matrix ....... : 309156
 1
 Nonlinear solution status: time= 0.683554
	stiffness updates             = 0
	right hand side evaluations   = 2
	stiffness matrix reformations = 1
	step from line search         = 1.000000
	convergence norms :     INITIAL         CURRENT         REQUIRED
	   residual            2.466122e-22    2.238387e-22    0.000000e+00 
	   energy              1.603760e-24    7.789253e-25    1.603760e-26 
	   displacement        4.043936e-23    4.043936e-23    4.043936e-29 

 *************************************************************************
 *                               WARNING                                 *
 * No force acting on the system.                                        *
 *************************************************************************

convergence summary
    number of iterations   : 1
    number of reformations : 1

------- converged at time : 0.683554


AUTO STEPPER: increasing time step, dt = 0.0932891


===== beginning time step 10 : 0.776844 =====


Reforming stiffness matrix: reformation #1

===== reforming stiffness matrix:
	Nr of equations ........................... : 9742
	Nr of nonzeroes in stiffness matrix ....... : 309156
 1
 Nonlinear solution status: time= 0.776844
	stiffness updates             = 0
	right hand side evaluations   = 2
	stiffness matrix reformations = 1
	step from line search         = 1.000000
	convergence norms :     INITIAL         CURRENT         REQUIRED
	   residual            2.238387e-22    2.436310e-22    0.000000e+00 
	   energy              1.633422e-24    8.844361e-25    1.633422e-26 
	   displacement        3.404614e-23    3.404614e-23    3.404614e-29 

 *************************************************************************
 *                               WARNING                                 *
 * No force acting on the system.                                        *
 *************************************************************************

convergence summary
    number of iterations   : 1
    number of reformations : 1

------- converged at time : 0.776844


AUTO STEPPER: increasing time step, dt = 0.0946313


===== beginning time step 11 : 0.871475 =====


Reforming stiffness matrix: reformation #1

===== reforming stiffness matrix:
	Nr of equations ........................... : 9742
	Nr of nonzeroes in stiffness matrix ....... : 309156
 1
 Nonlinear solution status: time= 0.871475
	stiffness updates             = 0
	right hand side evaluations   = 2
	stiffness matrix reformations = 1
	step from line search         = 1.000000
	convergence norms :     INITIAL         CURRENT         REQUIRED
	   residual            2.436310e-22    2.140565e-22    0.000000e+00 
	   energy              1.722725e-24    9.457667e-25    1.722725e-26 
	   displacement        9.412304e-23    9.412304e-23    9.412304e-29 

 *************************************************************************
 *                               WARNING                                 *
 * No force acting on the system.                                        *
 *************************************************************************

convergence summary
    number of iterations   : 1
    number of reformations : 1

------- converged at time : 0.871475


AUTO STEPPER: increasing time step, dt = 0.095705


===== beginning time step 12 : 0.96718 =====


Reforming stiffness matrix: reformation #1

===== reforming stiffness matrix:
	Nr of equations ........................... : 9742
	Nr of nonzeroes in stiffness matrix ....... : 309156
 1
 Nonlinear solution status: time= 0.96718
	stiffness updates             = 0
	right hand side evaluations   = 2
	stiffness matrix reformations = 1
	step from line search         = 1.000000
	convergence norms :     INITIAL         CURRENT         REQUIRED
	   residual            2.140565e-22    2.493947e-22    0.000000e+00 
	   energy              1.610079e-24    7.982068e-25    1.610079e-26 
	   displacement        4.462786e-23    4.462786e-23    4.462786e-29 

 *************************************************************************
 *                               WARNING                                 *
 * No force acting on the system.                                        *
 *************************************************************************

convergence summary
    number of iterations   : 1
    number of reformations : 1

------- converged at time : 0.96718


AUTO STEPPER: increasing time step, dt = 0.096564


===== beginning time step 13 : 1.06374 =====


Reforming stiffness matrix: reformation #1

===== reforming stiffness matrix:
	Nr of equations ........................... : 9742
	Nr of nonzeroes in stiffness matrix ....... : 309156
 1
 Nonlinear solution status: time= 1.06374
	stiffness updates             = 0
	right hand side evaluations   = 2
	stiffness matrix reformations = 1
	step from line search         = 1.000000
	convergence norms :     INITIAL         CURRENT         REQUIRED
	   residual            2.493947e-22    2.516582e-22    0.000000e+00 
	   energy              1.734538e-24    9.978494e-25    1.734538e-26 
	   displacement        2.273303e-23    2.273303e-23    2.273303e-29 

 *************************************************************************
 *                               WARNING                                 *
 * No force acting on the system.                                        *
 *************************************************************************

convergence summary
    number of iterations   : 1
    number of reformations : 1

------- converged at time : 1.06374


AUTO STEPPER: increasing time step, dt = 0.0972512


===== beginning time step 14 : 1.161 =====


Reforming stiffness matrix: reformation #1

===== reforming stiffness matrix:
	Nr of equations ........................... : 9742
	Nr of nonzeroes in stiffness matrix ....... : 309156
 1
 Nonlinear solution status: time= 1.161
	stiffness updates             = 0
	right hand side evaluations   = 2
	stiffness matrix reformations = 1
	step from line search         = 1.000000
	convergence norms :     INITIAL         CURRENT         REQUIRED
	   residual            2.516582e-22    2.161380e-22    0.000000e+00 
	   energy              1.881837e-24    9.332459e-25    1.881837e-26 
	   displacement        1.470047e-23    1.470047e-23    1.470047e-29 

 *************************************************************************
 *                               WARNING                                 *
 * No force acting on the system.                                        *
 *************************************************************************

convergence summary
    number of iterations   : 1
    number of reformations : 1

------- converged at time : 1.161


AUTO STEPPER: increasing time step, dt = 0.097801


===== beginning time step 15 : 1.2588 =====


Reforming stiffness matrix: reformation #1

===== reforming stiffness matrix:
	Nr of equations ........................... : 9742
	Nr of nonzeroes in stiffness matrix ....... : 309156
 1
 Nonlinear solution status: time= 1.2588
	stiffness updates             = 0
	right hand side evaluations   = 2
	stiffness matrix reformations = 1
	step from line search         = 1.000000
	convergence norms :     INITIAL         CURRENT         REQUIRED
	   residual            2.161380e-22    2.187425e-22    0.000000e+00 
	   energy              1.644991e-24    8.619734e-25    1.644991e-26 
	   displacement        1.314348e-23    1.314348e-23    1.314348e-29 

 *************************************************************************
 *                               WARNING                                 *
 * No force acting on the system.                                        *
 *************************************************************************

convergence summary
    number of iterations   : 1
    number of reformations : 1

------- converged at time : 1.2588


AUTO STEPPER: increasing time step, dt = 0.0982408


===== beginning time step 16 : 1.35704 =====


Reforming stiffness matrix: reformation #1

===== reforming stiffness matrix:
	Nr of equations ........................... : 9742
	Nr of nonzeroes in stiffness matrix ....... : 309156
 1
 Nonlinear solution status: time= 1.35704
	stiffness updates             = 0
	right hand side evaluations   = 2
	stiffness matrix reformations = 1
	step from line search         = 1.000000
	convergence norms :     INITIAL         CURRENT         REQUIRED
	   residual            2.187425e-22    2.286006e-22    0.000000e+00 
	   energy              1.637503e-24    8.926531e-25    1.637503e-26 
	   displacement        3.766761e-23    3.766761e-23    3.766761e-29 

 *************************************************************************
 *                               WARNING                                 *
 * No force acting on the system.                                        *
 *************************************************************************

convergence summary
    number of iterations   : 1
    number of reformations : 1

------- converged at time : 1.35704


AUTO STEPPER: increasing time step, dt = 0.0985926


===== beginning time step 17 : 1.45563 =====


Reforming stiffness matrix: reformation #1

===== reforming stiffness matrix:
	Nr of equations ........................... : 9742
	Nr of nonzeroes in stiffness matrix ....... : 309156
 1
 Nonlinear solution status: time= 1.45563
	stiffness updates             = 0
	right hand side evaluations   = 2
	stiffness matrix reformations = 1
	step from line search         = 1.000000
	convergence norms :     INITIAL         CURRENT         REQUIRED
	   residual            2.286006e-22    2.114047e-22    0.000000e+00 
	   energy              1.691620e-24    8.729603e-25    1.691620e-26 
	   displacement        1.146470e-22    1.146470e-22    1.146470e-28 

 *************************************************************************
 *                               WARNING                                 *
 * No force acting on the system.                                        *
 *************************************************************************

convergence summary
    number of iterations   : 1
    number of reformations : 1

------- converged at time : 1.45563


AUTO STEPPER: increasing time step, dt = 0.0988741


===== beginning time step 18 : 1.5545 =====


Reforming stiffness matrix: reformation #1

===== reforming stiffness matrix:
	Nr of equations ........................... : 9742
	Nr of nonzeroes in stiffness matrix ....... : 309156
 1
 Nonlinear solution status: time= 1.5545
	stiffness updates             = 0
	right hand side evaluations   = 2
	stiffness matrix reformations = 1
	step from line search         = 1.000000
	convergence norms :     INITIAL         CURRENT         REQUIRED
	   residual            2.114047e-22    2.213724e-22    0.000000e+00 
	   energy              1.652332e-24    9.364003e-25    1.652332e-26 
	   displacement        1.227689e-22    1.227689e-22    1.227689e-28 

 *************************************************************************
 *                               WARNING                                 *
 * No force acting on the system.                                        *
 *************************************************************************

convergence summary
    number of iterations   : 1
    number of reformations : 1

------- converged at time : 1.5545


AUTO STEPPER: increasing time step, dt = 0.0990993


===== beginning time step 19 : 1.6536 =====


Reforming stiffness matrix: reformation #1

===== reforming stiffness matrix:
	Nr of equations ........................... : 9742
	Nr of nonzeroes in stiffness matrix ....... : 309156
 1
 Nonlinear solution status: time= 1.6536
	stiffness updates             = 0
	right hand side evaluations   = 2
	stiffness matrix reformations = 1
	step from line search         = 1.000000
	convergence norms :     INITIAL         CURRENT         REQUIRED
	   residual            2.213724e-22    2.253143e-22    0.000000e+00 
	   energy              1.705161e-24    9.257777e-25    1.705161e-26 
	   displacement        3.327537e-23    3.327537e-23    3.327537e-29 

 *************************************************************************
 *                               WARNING                                 *
 * No force acting on the system.                                        *
 *************************************************************************

convergence summary
    number of iterations   : 1
    number of reformations : 1

------- converged at time : 1.6536


AUTO STEPPER: increasing time step, dt = 0.0992794


===== beginning time step 20 : 1.75288 =====


Reforming stiffness matrix: reformation #1

===== reforming stiffness matrix:
	Nr of equations ........................... : 9742
	Nr of nonzeroes in stiffness matrix ....... : 309156
 1
 Nonlinear solution status: time= 1.75288
	stiffness updates             = 0
	right hand side evaluations   = 2
	stiffness matrix reformations = 1
	step from line search         = 1.000000
	convergence norms :     INITIAL         CURRENT         REQUIRED
	   residual            2.253143e-22    2.200259e-22    0.000000e+00 
	   energy              1.637407e-24    9.171439e-25    1.637407e-26 
	   displacement        2.717158e-23    2.717158e-23    2.717158e-29 

 *************************************************************************
 *                               WARNING                                 *
 * No force acting on the system.                                        *
 *************************************************************************

convergence summary
    number of iterations   : 1
    number of reformations : 1

------- converged at time : 1.75288


AUTO STEPPER: increasing time step, dt = 0.0994235


===== beginning time step 21 : 1.85231 =====


Reforming stiffness matrix: reformation #1

===== reforming stiffness matrix:
	Nr of equations ........................... : 9742
	Nr of nonzeroes in stiffness matrix ....... : 309156
 1
 Nonlinear solution status: time= 1.85231
	stiffness updates             = 0
	right hand side evaluations   = 2
	stiffness matrix reformations = 1
	step from line search         = 1.000000
	convergence norms :     INITIAL         CURRENT         REQUIRED
	   residual            2.200259e-22    2.570221e-22    0.000000e+00 
	   energy              1.690072e-24    1.022964e-24    1.690072e-26 
	   displacement        2.781165e-23    2.781165e-23    2.781165e-29 

 *************************************************************************
 *                               WARNING                                 *
 * No force acting on the system.                                        *
 *************************************************************************

convergence summary
    number of iterations   : 1
    number of reformations : 1

------- converged at time : 1.85231


AUTO STEPPER: increasing time step, dt = 0.0995388


===== beginning time step 22 : 1.95184 =====


Reforming stiffness matrix: reformation #1

===== reforming stiffness matrix:
	Nr of equations ........................... : 9742
	Nr of nonzeroes in stiffness matrix ....... : 309156
 1
 Nonlinear solution status: time= 1.95184
	stiffness updates             = 0
	right hand side evaluations   = 2
	stiffness matrix reformations = 1
	step from line search         = 1.000000
	convergence norms :     INITIAL         CURRENT         REQUIRED
	   residual            2.570221e-22    2.380278e-22    0.000000e+00 
	   energy              1.858033e-24    1.045742e-24    1.858033e-26 
	   displacement        1.195247e-23    1.195247e-23    1.195247e-29 

 *************************************************************************
 *                               WARNING                                 *
 * No force acting on the system.                                        *
 *************************************************************************

convergence summary
    number of iterations   : 1
    number of reformations : 1

------- converged at time : 1.95184


AUTO STEPPER: increasing time step, dt = 0.0996311

MUST POINT CONTROLLER: adjusting time step. dt = 0.0481553


===== beginning time step 23 : 2 =====


Reforming stiffness matrix: reformation #1

===== reforming stiffness matrix:
	Nr of equations ........................... : 9742
	Nr of nonzeroes in stiffness matrix ....... : 309156
 1
 Nonlinear solution status: time= 2
	stiffness updates             = 0
	right hand side evaluations   = 2
	stiffness matrix reformations = 1
	step from line search         = 1.000000
	convergence norms :     INITIAL         CURRENT         REQUIRED
	   residual            2.380278e-22    2.046121e-22    0.000000e+00 
	   energy              1.687686e-24    7.918031e-25    1.687686e-26 
	   displacement        6.001499e-24    6.001499e-24    6.001499e-30 

 *************************************************************************
 *                               WARNING                                 *
 * No force acting on the system.                                        *
 *************************************************************************

convergence summary
    number of iterations   : 1
    number of reformations : 1

------- converged at time : 2



 N O N L I N E A R   I T E R A T I O N   I N F O R M A T I O N

	Number of time steps completed .................... : 23

	Total number of equilibrium iterations ............ : 23

	Average number of equilibrium iterations .......... : 1

	Total number of right hand evaluations ............ : 46

	Total number of stiffness reformations ............ : 23


 L I N E A R   S O L V E R   S T A T S

	Total calls to linear solver ........ : 23

	Avg iterations per solve ............ : 1


 *************************************************************************
 * Selecting linear solver pardiso                                       *
 *************************************************************************

 *************************************************************************
 * Setting matrix format to: unsymmetric                                 *
 *************************************************************************

AUTO STEPPER: increasing time step, dt = 0.1


===== beginning time step 1 : 2.1 =====


Reforming stiffness matrix: reformation #1

===== reforming stiffness matrix:
	Nr of equations ........................... : 9742
	Nr of nonzeroes in stiffness matrix ....... : 309156
 1
 Nonlinear solution status: time= 2.1
	stiffness updates             = 0
	right hand side evaluations   = 4
	stiffness matrix reformations = 1
	step from line search         = 0.500000
	convergence norms :     INITIAL         CURRENT         REQUIRED
	   residual            4.125504e-23    3.934875e-12    0.000000e+00 
	   energy              2.144248e-19    2.015875e-13    2.144248e-21 
	   displacement        1.048611e-04    2.621528e-05    2.621528e-11 

 *************************************************************************
 *                               WARNING                                 *
 * Problem is diverging. Stiffness matrix will now be reformed           *
 *************************************************************************
Reforming stiffness matrix: reformation #2

===== reforming stiffness matrix:
	Nr of equations ........................... : 9742
	Nr of nonzeroes in stiffness matrix ....... : 309156
 2
 Nonlinear solution status: time= 2.1
	stiffness updates             = 0
	right hand side evaluations   = 5
	stiffness matrix reformations = 2
	step from line search         = 1.000000
	convergence norms :     INITIAL         CURRENT         REQUIRED
	   residual            3.934875e-12    7.461310e-24    0.000000e+00 
	   energy              2.015875e-13    1.869038e-21    2.015875e-15 
	   displacement        1.048611e-04    2.800073e-15    2.621534e-11 

convergence summary
    number of iterations   : 2
    number of reformations : 2

------- converged at time : 2.1


===== beginning time step 2 : 2.2 =====


Reforming stiffness matrix: reformation #1

===== reforming stiffness matrix:
	Nr of equations ........................... : 9742
	Nr of nonzeroes in stiffness matrix ....... : 309156
 1
 Nonlinear solution status: time= 2.2
	stiffness updates             = 0
	right hand side evaluations   = 4
	stiffness matrix reformations = 1
	step from line search         = 0.500000
	convergence norms :     INITIAL         CURRENT         REQUIRED
	   residual            7.462062e-24    1.834474e-10    0.000000e+00 
	   energy              1.852362e-17    9.398193e-12    1.852362e-19 
	   displacement        5.252043e-03    1.313011e-03    1.313011e-09 

 *************************************************************************
 *                               WARNING                                 *
 * Problem is diverging. Stiffness matrix will now be reformed           *
 *************************************************************************
Reforming stiffness matrix: reformation #2

===== reforming stiffness matrix:
	Nr of equations ........................... : 9742
	Nr of nonzeroes in stiffness matrix ....... : 309156
 2
 Nonlinear solution status: time= 2.2
	stiffness updates             = 0
	right hand side evaluations   = 5
	stiffness matrix reformations = 2
	step from line search         = 1.000000
	convergence norms :     INITIAL         CURRENT         REQUIRED
	   residual            1.834474e-10    6.993306e-24    0.000000e+00 
	   energy              9.398193e-12    2.552696e-20    9.398193e-14 
	   displacement        5.252043e-03    1.277609e-13    1.313014e-09 

convergence summary
    number of iterations   : 2
    number of reformations : 2

------- converged at time : 2.2


===== beginning time step 3 : 2.3 =====


Reforming stiffness matrix: reformation #1

===== reforming stiffness matrix:
	Nr of equations ........................... : 9742
	Nr of nonzeroes in stiffness matrix ....... : 309156
 1
 Nonlinear solution status: time= 2.3
	stiffness updates             = 0
	right hand side evaluations   = 4
	stiffness matrix reformations = 1
	step from line search         = 0.500000
	convergence norms :     INITIAL         CURRENT         REQUIRED
	   residual            6.994551e-24    8.178508e+05    0.000000e+00 
	   energy              1.944351e-17    1.020887e-01    1.944351e-19 
	   displacement        7.618614e-03    1.904654e-03    1.904654e-09 

 *************************************************************************
 *                               WARNING                                 *
 * Problem is diverging. Stiffness matrix will now be reformed           *
 *************************************************************************
Reforming stiffness matrix: reformation #2

===== reforming stiffness matrix:
	Nr of equations ........................... : 9742
	Nr of nonzeroes in stiffness matrix ....... : 311460
 2
 Nonlinear solution status: time= 2.3
	stiffness updates             = 0
	right hand side evaluations   = 5
	stiffness matrix reformations = 2
	step from line search         = 1.000000
	convergence norms :     INITIAL         CURRENT         REQUIRED
	   residual            8.178508e+05    1.804237e+04    0.000000e+00 
	   energy              1.020887e-01    1.124616e+01    1.020887e-03 
	   displacement        7.618614e-03    7.135872e+01    7.125223e-05 

 *************************************************************************
 *                               WARNING                                 *
 * Problem is diverging. Stiffness matrix will now be reformed           *
 *************************************************************************
Reforming stiffness matrix: reformation #3

===== reforming stiffness matrix:
	Nr of equations ........................... : 9742
	Nr of nonzeroes in stiffness matrix ....... : 311406
 3

 *************************************************************************
 *                                ERROR                                  *
 * Negative jacobian detected.                                           *
 *************************************************************************


------- failed to converge at time : 2.3

Retrying time step. Retry attempt 1 of max 5


AUTO STEPPER: retry step, dt = 0.0833333


===== beginning time step 3 : 2.28333 =====


Reforming stiffness matrix: reformation #1

===== reforming stiffness matrix:
	Nr of equations ........................... : 9742
	Nr of nonzeroes in stiffness matrix ....... : 309156
 1
 Nonlinear solution status: time= 2.28333
	stiffness updates             = 0
	right hand side evaluations   = 4
	stiffness matrix reformations = 1
	step from line search         = 0.500000
	convergence norms :     INITIAL         CURRENT         REQUIRED
	   residual            6.995450e-24    7.560559e+05    0.000000e+00 
	   energy              2.574422e-16    5.065486e-01    2.574422e-18 
	   displacement        7.373630e-02    1.843408e-02    1.843408e-08 

 *************************************************************************
 *                               WARNING                                 *
 * Problem is diverging. Stiffness matrix will now be reformed           *
 *************************************************************************
Reforming stiffness matrix: reformation #2

===== reforming stiffness matrix:
	Nr of equations ........................... : 9742
	Nr of nonzeroes in stiffness matrix ....... : 311316
 2
 Nonlinear solution status: time= 2.28333
	stiffness updates             = 0
	right hand side evaluations   = 5
	stiffness matrix reformations = 2
	step from line search         = 1.000000
	convergence norms :     INITIAL         CURRENT         REQUIRED
	   residual            7.560559e+05    2.456872e+04    0.000000e+00 
	   energy              5.065486e-01    1.324273e+01    5.065486e-03 
	   displacement        7.373630e-02    8.123066e+00    8.047688e-06 

 *************************************************************************
 *                               WARNING                                 *
 * Problem is diverging. Stiffness matrix will now be reformed           *
 *************************************************************************
Reforming stiffness matrix: reformation #3

===== reforming stiffness matrix:
	Nr of equations ........................... : 9742
	Nr of nonzeroes in stiffness matrix ....... : 311298
 3

 *************************************************************************
 *                                ERROR                                  *
 * 7 negative jacobians detected.                                        *
 *************************************************************************


------- failed to converge at time : 2.28333

Retrying time step. Retry attempt 2 of max 5


AUTO STEPPER: retry step, dt = 0.0666667


===== beginning time step 3 : 2.26667 =====


Reforming stiffness matrix: reformation #1

===== reforming stiffness matrix:
	Nr of equations ........................... : 9742
	Nr of nonzeroes in stiffness matrix ....... : 309156
 1
 Nonlinear solution status: time= 2.26667
	stiffness updates             = 0
	right hand side evaluations   = 4
	stiffness matrix reformations = 1
	step from line search         = 0.500000
	convergence norms :     INITIAL         CURRENT         REQUIRED
	   residual            6.994442e-24    7.659945e+05    0.000000e+00 
	   energy              1.384911e-18    2.059300e-02    1.384911e-20 
	   displacement        1.406238e-03    3.515596e-04    3.515596e-10 

 *************************************************************************
 *                               WARNING                                 *
 * Problem is diverging. Stiffness matrix will now be reformed           *
 *************************************************************************
Reforming stiffness matrix: reformation #2

===== reforming stiffness matrix:
	Nr of equations ........................... : 9742
	Nr of nonzeroes in stiffness matrix ....... : 311316
 2
 Nonlinear solution status: time= 2.26667
	stiffness updates             = 0
	right hand side evaluations   = 5
	stiffness matrix reformations = 2
	step from line search         = 1.000000
	convergence norms :     INITIAL         CURRENT         REQUIRED
	   residual            7.659945e+05    2.335104e+04    0.000000e+00 
	   energy              2.059300e-02    1.289904e+01    2.059300e-04 
	   displacement        1.406238e-03    6.982249e+00    6.962386e-06 

 *************************************************************************
 *                               WARNING                                 *
 * Problem is diverging. Stiffness matrix will now be reformed           *
 *************************************************************************
Reforming stiffness matrix: reformation #3

===== reforming stiffness matrix:
	Nr of equations ........................... : 9742
	Nr of nonzeroes in stiffness matrix ....... : 311298
 3

 *************************************************************************
 *                                ERROR                                  *
 * Negative jacobian detected.                                           *
 *************************************************************************


------- failed to converge at time : 2.26667

Retrying time step. Retry attempt 3 of max 5


AUTO STEPPER: retry step, dt = 0.05


===== beginning time step 3 : 2.25 =====


Reforming stiffness matrix: reformation #1

===== reforming stiffness matrix:
	Nr of equations ........................... : 9742
	Nr of nonzeroes in stiffness matrix ....... : 309156
 1
 Nonlinear solution status: time= 2.25
	stiffness updates             = 0
	right hand side evaluations   = 4
	stiffness matrix reformations = 1
	step from line search         = 0.500000
	convergence norms :     INITIAL         CURRENT         REQUIRED
	   residual            6.993848e-24    7.844944e+05    0.000000e+00 
	   energy              7.244394e-19    5.376434e-03    7.244394e-21 
	   displacement        7.184226e-04    1.796056e-04    1.796056e-10 

 *************************************************************************
 *                               WARNING                                 *
 * Problem is diverging. Stiffness matrix will now be reformed           *
 *************************************************************************
Reforming stiffness matrix: reformation #2

===== reforming stiffness matrix:
	Nr of equations ........................... : 9742
	Nr of nonzeroes in stiffness matrix ....... : 311334
 2
 Nonlinear solution status: time= 2.25
	stiffness updates             = 0
	right hand side evaluations   = 5
	stiffness matrix reformations = 2
	step from line search         = 1.000000
	convergence norms :     INITIAL         CURRENT         REQUIRED
	   residual            7.844944e+05    2.080515e+04    0.000000e+00 
	   energy              5.376434e-03    1.172304e+01    5.376434e-05 
	   displacement        7.184226e-04    1.705918e+01    1.706619e-05 

 *************************************************************************
 *                               WARNING                                 *
 * Problem is diverging. Stiffness matrix will now be reformed           *
 *************************************************************************
Reforming stiffness matrix: reformation #3

===== reforming stiffness matrix:
	Nr of equations ........................... : 9742
	Nr of nonzeroes in stiffness matrix ....... : 311262
 3

 *************************************************************************
 *                                ERROR                                  *
 * 4 negative jacobians detected.                                        *
 *************************************************************************


------- failed to converge at time : 2.25

Retrying time step. Retry attempt 4 of max 5


AUTO STEPPER: retry step, dt = 0.0333333


===== beginning time step 3 : 2.23333 =====


Reforming stiffness matrix: reformation #1

===== reforming stiffness matrix:
	Nr of equations ........................... : 9742
	Nr of nonzeroes in stiffness matrix ....... : 309156
 1
 Nonlinear solution status: time= 2.23333
	stiffness updates             = 0
	right hand side evaluations   = 4
	stiffness matrix reformations = 1
	step from line search         = 0.500000
	convergence norms :     INITIAL         CURRENT         REQUIRED
	   residual            6.993741e-24    5.410747e+04    0.000000e+00 
	   energy              9.208476e-18    3.028186e-02    9.208476e-20 
	   displacement        1.195677e-03    2.989191e-04    2.989191e-10 

 *************************************************************************
 *                               WARNING                                 *
 * Problem is diverging. Stiffness matrix will now be reformed           *
 *************************************************************************
Reforming stiffness matrix: reformation #2

===== reforming stiffness matrix:
	Nr of equations ........................... : 9742
	Nr of nonzeroes in stiffness matrix ....... : 309894
 2
 Nonlinear solution status: time= 2.23333
	stiffness updates             = 0
	right hand side evaluations   = 5
	stiffness matrix reformations = 2
	step from line search         = 1.000000
	convergence norms :     INITIAL         CURRENT         REQUIRED
	   residual            5.410747e+04    1.146848e+00    0.000000e+00 
	   energy              3.028186e-02    1.700759e-01    3.028186e-04 
	   displacement        1.195677e-03    1.051197e+00    1.067798e-06 

 *************************************************************************
 *                               WARNING                                 *
 * Problem is diverging. Stiffness matrix will now be reformed           *
 *************************************************************************
Reforming stiffness matrix: reformation #3

===== reforming stiffness matrix:
	Nr of equations ........................... : 9742
	Nr of nonzeroes in stiffness matrix ....... : 309318
 3
 Nonlinear solution status: time= 2.23333
	stiffness updates             = 0
	right hand side evaluations   = 8
	stiffness matrix reformations = 3
	step from line search         = 0.015165
	convergence norms :     INITIAL         CURRENT         REQUIRED
	   residual            1.146848e+00    3.373016e+00    0.000000e+00 
	   energy              1.700759e-01    9.330564e-04    1.700759e-03 
	   displacement        1.195677e-03    1.692486e-03    1.022867e-06 
 4

 *************************************************************************
 *                                ERROR                                  *
 * 19 negative jacobians detected.                                       *
 *************************************************************************


------- failed to converge at time : 2.23333

Retrying time step. Retry attempt 5 of max 5


AUTO STEPPER: retry step, dt = 0.0166667


===== beginning time step 3 : 2.21667 =====


Reforming stiffness matrix: reformation #1

===== reforming stiffness matrix:
	Nr of equations ........................... : 9742
	Nr of nonzeroes in stiffness matrix ....... : 309156
 1
 Nonlinear solution status: time= 2.21667
	stiffness updates             = 0
	right hand side evaluations   = 4
	stiffness matrix reformations = 1
	step from line search         = 0.500000
	convergence norms :     INITIAL         CURRENT         REQUIRED
	   residual            6.993289e-24    2.869398e-13    0.000000e+00 
	   energy              3.710701e-19    1.470022e-14    3.710701e-21 
	   displacement        4.579865e-05    1.144966e-05    1.144966e-11 

 *************************************************************************
 *                               WARNING                                 *
 * Problem is diverging. Stiffness matrix will now be reformed           *
 *************************************************************************
Reforming stiffness matrix: reformation #2

===== reforming stiffness matrix:
	Nr of equations ........................... : 9742
	Nr of nonzeroes in stiffness matrix ....... : 309156
 2
 Nonlinear solution status: time= 2.21667
	stiffness updates             = 0
	right hand side evaluations   = 5
	stiffness matrix reformations = 2
	step from line search         = 1.000000
	convergence norms :     INITIAL         CURRENT         REQUIRED
	   residual            2.869398e-13    8.308106e-24    0.000000e+00 
	   energy              1.470022e-14    7.209261e-22    1.470022e-16 
	   displacement        4.579865e-05    2.033332e-16    1.144965e-11 

convergence summary
    number of iterations   : 2
    number of reformations : 2

------- converged at time : 2.21667


AUTO STEPPER: increasing time step, dt = 0.1


===== beginning time step 4 : 2.31667 =====


Reforming stiffness matrix: reformation #1

===== reforming stiffness matrix:
	Nr of equations ........................... : 9742
	Nr of nonzeroes in stiffness matrix ....... : 309156
 1
 Nonlinear solution status: time= 2.31667
	stiffness updates             = 0
	right hand side evaluations   = 4
	stiffness matrix reformations = 1
	step from line search         = 0.500000
	convergence norms :     INITIAL         CURRENT         REQUIRED
	   residual            8.309280e-24    1.575933e+06    0.000000e+00 
	   energy              4.180791e-16    7.524023e-01    4.180791e-18 
	   displacement        5.672569e-02    1.418142e-02    1.418142e-08 

 *************************************************************************
 *                               WARNING                                 *
 * Problem is diverging. Stiffness matrix will now be reformed           *
 *************************************************************************
Reforming stiffness matrix: reformation #2

===== reforming stiffness matrix:
	Nr of equations ........................... : 9742
	Nr of nonzeroes in stiffness matrix ....... : 311622
 2
 Nonlinear solution status: time= 2.31667
	stiffness updates             = 0
	right hand side evaluations   = 5
	stiffness matrix reformations = 2
	step from line search         = 1.000000
	convergence norms :     INITIAL         CURRENT         REQUIRED
	   residual            1.575933e+06    2.382328e+04    0.000000e+00 
	   energy              7.524023e-01    1.442201e+01    7.524023e-03 
	   displacement        5.672569e-02    8.560671e+01    8.556868e-05 

 *************************************************************************
 *                               WARNING                                 *
 * Problem is diverging. Stiffness matrix will now be reformed           *
 *************************************************************************
Reforming stiffness matrix: reformation #3

===== reforming stiffness matrix:
	Nr of equations ........................... : 9742
	Nr of nonzeroes in stiffness matrix ....... : 311352
 3

 *************************************************************************
 *                                ERROR                                  *
 * 4 negative jacobians detected.                                        *
 *************************************************************************


------- failed to converge at time : 2.31667

Retrying time step. Retry attempt 1 of max 5


AUTO STEPPER: retry step, dt = 0.0833333


===== beginning time step 4 : 2.3 =====


Reforming stiffness matrix: reformation #1

===== reforming stiffness matrix:
	Nr of equations ........................... : 9742
	Nr of nonzeroes in stiffness matrix ....... : 309156
 1
 Nonlinear solution status: time= 2.3
	stiffness updates             = 0
	right hand side evaluations   = 4
	stiffness matrix reformations = 1
	step from line search         = 0.500000
	convergence norms :     INITIAL         CURRENT         REQUIRED
	   residual            8.309704e-24    8.350137e+05    0.000000e+00 
	   energy              3.167169e-16    8.198816e-01    3.167169e-18 
	   displacement        5.525787e-02    1.381447e-02    1.381447e-08 

 *************************************************************************
 *                               WARNING                                 *
 * Problem is diverging. Stiffness matrix will now be reformed           *
 *************************************************************************
Reforming stiffness matrix: reformation #2

===== reforming stiffness matrix:
	Nr of equations ........................... : 9742
	Nr of nonzeroes in stiffness matrix ....... : 311460
 2
 Nonlinear solution status: time= 2.3
	stiffness updates             = 0
	right hand side evaluations   = 5
	stiffness matrix reformations = 2
	step from line search         = 1.000000
	convergence norms :     INITIAL         CURRENT         REQUIRED
	   residual            8.350137e+05    1.809148e+04    0.000000e+00 
	   energy              8.198816e-01    1.131107e+01    8.198816e-03 
	   displacement        5.525787e-02    7.502439e+01    7.490719e-05 

 *************************************************************************
 *                               WARNING                                 *
 * Problem is diverging. Stiffness matrix will now be reformed           *
 *************************************************************************
Reforming stiffness matrix: reformation #3

===== reforming stiffness matrix:
	Nr of equations ........................... : 9742
	Nr of nonzeroes in stiffness matrix ....... : 311406
 3
 Nonlinear solution status: time= 2.3
	stiffness updates             = 0
	right hand side evaluations   = 7
	stiffness matrix reformations = 3
	step from line search         = 0.089315
	convergence norms :     INITIAL         CURRENT         REQUIRED
	   residual            1.809148e+04    1.494795e+04    0.000000e+00 
	   energy              1.131107e+01    1.729986e-01    1.131107e-01 
	   displacement        5.525787e-02    7.045866e-01    7.995251e-05 
 4

 *************************************************************************
 *                                ERROR                                  *
 * 13 negative jacobians detected.                                       *
 *************************************************************************


------- failed to converge at time : 2.3

Retrying time step. Retry attempt 2 of max 5


AUTO STEPPER: retry step, dt = 0.0666667


===== beginning time step 4 : 2.28333 =====


Reforming stiffness matrix: reformation #1

===== reforming stiffness matrix:
	Nr of equations ........................... : 9742
	Nr of nonzeroes in stiffness matrix ....... : 309156
 1
 Nonlinear solution status: time= 2.28333
	stiffness updates             = 0
	right hand side evaluations   = 4
	stiffness matrix reformations = 1
	step from line search         = 0.500000
	convergence norms :     INITIAL         CURRENT         REQUIRED
	   residual            8.308955e-24    7.504522e+05    0.000000e+00 
	   energy              6.592665e-17    1.019923e-01    6.592665e-19 
	   displacement        1.358564e-02    3.396410e-03    3.396410e-09 

 *************************************************************************
 *                               WARNING                                 *
 * Problem is diverging. Stiffness matrix will now be reformed           *
 *************************************************************************
Reforming stiffness matrix: reformation #2

===== reforming stiffness matrix:
	Nr of equations ........................... : 9742
	Nr of nonzeroes in stiffness matrix ....... : 311316
 2
 Nonlinear solution status: time= 2.28333
	stiffness updates             = 0
	right hand side evaluations   = 5
	stiffness matrix reformations = 2
	step from line search         = 1.000000
	convergence norms :     INITIAL         CURRENT         REQUIRED
	   residual            7.504522e+05    2.181086e+04    0.000000e+00 
	   energy              1.019923e-01    1.305381e+01    1.019923e-03 
	   displacement        1.358564e-02    8.451868e+00    8.518640e-06 

 *************************************************************************
 *                               WARNING                                 *
 * Problem is diverging. Stiffness matrix will now be reformed           *
 *************************************************************************
Reforming stiffness matrix: reformation #3

===== reforming stiffness matrix:
	Nr of equations ........................... : 9742
	Nr of nonzeroes in stiffness matrix ....... : 311298
 3

 *************************************************************************
 *                                ERROR                                  *
 * 31 negative jacobians detected.                                       *
 *************************************************************************


------- failed to converge at time : 2.28333

Retrying time step. Retry attempt 3 of max 5


AUTO STEPPER: retry step, dt = 0.05


===== beginning time step 4 : 2.26667 =====


Reforming stiffness matrix: reformation #1

===== reforming stiffness matrix:
	Nr of equations ........................... : 9742
	Nr of nonzeroes in stiffness matrix ....... : 309156
 1
 Nonlinear solution status: time= 2.26667
	stiffness updates             = 0
	right hand side evaluations   = 4
	stiffness matrix reformations = 1
	step from line search         = 0.500000
	convergence norms :     INITIAL         CURRENT         REQUIRED
	   residual            8.308492e-24    7.657921e+05    0.000000e+00 
	   energy              2.707971e-17    4.797694e-02    2.707971e-19 
	   displacement        4.586427e-03    1.146607e-03    1.146607e-09 

 *************************************************************************
 *                               WARNING                                 *
 * Problem is diverging. Stiffness matrix will now be reformed           *
 *************************************************************************
Reforming stiffness matrix: reformation #2

===== reforming stiffness matrix:
	Nr of equations ........................... : 9742
	Nr of nonzeroes in stiffness matrix ....... : 311316
 2
 Nonlinear solution status: time= 2.26667
	stiffness updates             = 0
	right hand side evaluations   = 5
	stiffness matrix reformations = 2
	step from line search         = 1.000000
	convergence norms :     INITIAL         CURRENT         REQUIRED
	   residual            7.657921e+05    2.335091e+04    0.000000e+00 
	   energy              4.797694e-02    1.289823e+01    4.797694e-04 
	   displacement        4.586427e-03    7.129840e+00    7.166319e-06 

 *************************************************************************
 *                               WARNING                                 *
 * Problem is diverging. Stiffness matrix will now be reformed           *
 *************************************************************************
Reforming stiffness matrix: reformation #3

===== reforming stiffness matrix:
	Nr of equations ........................... : 9742
	Nr of nonzeroes in stiffness matrix ....... : 311298
 3

 *************************************************************************
 *                                ERROR                                  *
 * 4 negative jacobians detected.                                        *
 *************************************************************************


------- failed to converge at time : 2.26667

Retrying time step. Retry attempt 4 of max 5


AUTO STEPPER: retry step, dt = 0.0333333


===== beginning time step 4 : 2.25 =====


Reforming stiffness matrix: reformation #1

===== reforming stiffness matrix:
	Nr of equations ........................... : 9742
	Nr of nonzeroes in stiffness matrix ....... : 309156
 1
 Nonlinear solution status: time= 2.25
	stiffness updates             = 0
	right hand side evaluations   = 4
	stiffness matrix reformations = 1
	step from line search         = 0.500000
	convergence norms :     INITIAL         CURRENT         REQUIRED
	   residual            8.308347e-24    7.847855e+05    0.000000e+00 
	   energy              7.282533e-19    9.147916e-03    7.282533e-21 
	   displacement        1.452691e-03    3.631728e-04    3.631728e-10 

 *************************************************************************
 *                               WARNING                                 *
 * Problem is diverging. Stiffness matrix will now be reformed           *
 *************************************************************************
Reforming stiffness matrix: reformation #2

===== reforming stiffness matrix:
	Nr of equations ........................... : 9742
	Nr of nonzeroes in stiffness matrix ....... : 311334
 2
 Nonlinear solution status: time= 2.25
	stiffness updates             = 0
	right hand side evaluations   = 5
	stiffness matrix reformations = 2
	step from line search         = 1.000000
	convergence norms :     INITIAL         CURRENT         REQUIRED
	   residual            7.847855e+05    2.396209e+04    0.000000e+00 
	   energy              9.147916e-03    1.226963e+01    9.147916e-05 
	   displacement        1.452691e-03    2.036759e+01    2.043930e-05 

 *************************************************************************
 *                               WARNING                                 *
 * Problem is diverging. Stiffness matrix will now be reformed           *
 *************************************************************************
Reforming stiffness matrix: reformation #3

===== reforming stiffness matrix:
	Nr of equations ........................... : 9742
	Nr of nonzeroes in stiffness matrix ....... : 311262
 3
 Nonlinear solution status: time= 2.25
	stiffness updates             = 0
	right hand side evaluations   = 8
	stiffness matrix reformations = 3
	step from line search         = 0.500000
	convergence norms :     INITIAL         CURRENT         REQUIRED
	   residual            2.396209e+04    2.670501e+04    0.000000e+00 
	   energy              1.226963e+01    6.429535e+00    1.226963e-01 
	   displacement        1.452691e-03    6.020034e+00    3.453962e-05 
 4

 *************************************************************************
 *                                ERROR                                  *
 * 21 negative jacobians detected.                                       *
 *************************************************************************


------- failed to converge at time : 2.25

Retrying time step. Retry attempt 5 of max 5


AUTO STEPPER: retry step, dt = 0.0166667


===== beginning time step 4 : 2.23333 =====


Reforming stiffness matrix: reformation #1

===== reforming stiffness matrix:
	Nr of equations ........................... : 9742
	Nr of nonzeroes in stiffness matrix ....... : 309156
 1
 Nonlinear solution status: time= 2.23333
	stiffness updates             = 0
	right hand side evaluations   = 4
	stiffness matrix reformations = 1
	step from line search         = 0.500000
	convergence norms :     INITIAL         CURRENT         REQUIRED
	   residual            8.308370e-24    5.404872e+04    0.000000e+00 
	   energy              8.614363e-20    1.036930e-02    8.614363e-22 
	   displacement        3.268892e-04    8.172230e-05    8.172230e-11 

 *************************************************************************
 *                               WARNING                                 *
 * Problem is diverging. Stiffness matrix will now be reformed           *
 *************************************************************************
Reforming stiffness matrix: reformation #2

===== reforming stiffness matrix:
	Nr of equations ........................... : 9742
	Nr of nonzeroes in stiffness matrix ....... : 309894
 2
 Nonlinear solution status: time= 2.23333
	stiffness updates             = 0
	right hand side evaluations   = 5
	stiffness matrix reformations = 2
	step from line search         = 1.000000
	convergence norms :     INITIAL         CURRENT         REQUIRED
	   residual            5.404872e+04    4.860347e-01    0.000000e+00 
	   energy              1.036930e-02    5.154794e-02    1.036930e-04 
	   displacement        3.268892e-04    1.814731e+00    1.818211e-06 

 *************************************************************************
 *                               WARNING                                 *
 * Problem is diverging. Stiffness matrix will now be reformed           *
 *************************************************************************
Reforming stiffness matrix: reformation #3

===== reforming stiffness matrix:
	Nr of equations ........................... : 9742
	Nr of nonzeroes in stiffness matrix ....... : 309318
 3
 Nonlinear solution status: time= 2.23333
	stiffness updates             = 0
	right hand side evaluations   = 9
	stiffness matrix reformations = 3
	step from line search         = 0.500000
	convergence norms :     INITIAL         CURRENT         REQUIRED
	   residual            4.860347e-01    3.389092e+04    0.000000e+00 
	   energy              5.154794e-02    1.437824e+01    5.154794e-04 
	   displacement        3.268892e-04    1.910800e+00    2.122382e-06 

 *************************************************************************
 *                               WARNING                                 *
 * Problem is diverging. Stiffness matrix will now be reformed           *
 *************************************************************************
Reforming stiffness matrix: reformation #4

===== reforming stiffness matrix:
	Nr of equations ........................... : 9742
	Nr of nonzeroes in stiffness matrix ....... : 310002
 4

 *************************************************************************
 *                                ERROR                                  *
 * 9 negative jacobians detected.                                        *
 *************************************************************************


------- failed to converge at time : 2.23333

Max. nr of retries reached.



 N O N L I N E A R   I T E R A T I O N   I N F O R M A T I O N

	Number of time steps completed .................... : 3

	Total number of equilibrium iterations ............ : 9

	Average number of equilibrium iterations .......... : 3

	Total number of right hand evaluations ............ : 24

	Total number of stiffness reformations ............ : 10


 L I N E A R   S O L V E R   S T A T S

	Total calls to linear solver ........ : 43

	Avg iterations per solve ............ : 1



 N O N L I N E A R   I T E R A T I O N   S U M M A R Y

	Number of time steps completed .................... : 26

	Total number of equilibrium iterations ............ : 32

	Total number of right hand evaluations ............ : 70

	Total number of stiffness reformations ............ : 33

	Time in linear solver: 0:00:05


 Elapsed time : 0:00:37

 T I M I N G   I N F O R M A T I O N

	Input time ...................... : 0:00:00 (0.109951 sec)

	Initialization time ............. : 0:00:00 (0.149648 sec)

	Solve time ...................... : 0:00:37 (37.0208 sec)

	   IO-time (plot, dmp, data) .... : 0:00:01 (1.39289 sec)

	   reforming stiffness .......... : 0:00:01 (1.39188 sec)

	   evaluating stiffness ......... : 0:00:04 (3.81606 sec)

	   evaluating residual .......... : 0:00:02 (2.22399 sec)

	   model update ................. : 0:00:15 (15.1697 sec)

	   QN updates ................... : 0:00:00 (0.000617696 sec)

	   time in linear solver ........ : 0:00:05 (5.34429 sec)

	Total elapsed time .............. : 0:00:37 (37.2878 sec)


 E R R O R   T E R M I N A T I O N

